<?xml version="1.0" encoding="UTF-8" ?>
<testsuite tests="10" failures="0" name="edu.escuelaing.arep.app.AppTest" time="0.04" errors="0" skipped="0">
  <properties>
[...]
</properties>
  <testcase classname="edu.escuelaing.arep.app.AppTest" name="TestDesv" time="0.003"/>
  <testcase classname="edu.escuelaing.arep.app.AppTest" name="TestMean" time="0"/>
  <testcase classname="edu.escuelaing.arep.app.AppTest" name="TestSize" time="0.001"/>
  <testcase classname="edu.escuelaing.arep.app.AppTest" name="TestInsert" time="0"/>
  <testcase classname="edu.escuelaing.arep.app.AppTest" name="TestInsertHead" time="0"/>
  <testcase classname="edu.escuelaing.arep.app.AppTest" name="TestSearch" time="0"/>
  <testcase classname="edu.escuelaing.arep.app.AppTest" name="TestReadFile" time="0.034"/>
  <testcase classname="edu.escuelaing.arep.app.AppTest" name="Test1" time="0.001"/>
  <testcase classname="edu.escuelaing.arep.app.AppTest" name="Test2" time="0.001"/>
  <testcase classname="edu.escuelaing.arep.app.AppTest" name="TestDel" time="0"/>
</testsuite>